This is pdfTeX, Version 3.141592653-2.6-1.40.24 (MiKTeX 23.1) (preloaded format=pdflatex 2023.1.29)  27 OCT 2023 10:00
entering extended mode
 restricted \write18 enabled.
 %&-line parsing enabled.
**./main.tex
(main.tex
LaTeX2e <2022-11-01> patch level 1
L3 programming layer <2023-01-24>
(C:\Users\Андрей\AppData\Local\Programs\MiKTeX\tex/latex/base\article.cls
Document Class: article 2022/07/02 v1.4n Standard LaTeX document class
(C:\Users\Андрей\AppData\Local\Programs\MiKTeX\tex/latex/base\size10.clo
File: size10.clo 2022/07/02 v1.4n Standard LaTeX file (size option)
)
\c@part=\count185
\c@section=\count186
\c@subsection=\count187
\c@subsubsection=\count188
\c@paragraph=\count189
\c@subparagraph=\count190
\c@figure=\count191
\c@table=\count192
\abovecaptionskip=\skip48
\belowcaptionskip=\skip49
\bibindent=\dimen140
)
(C:\Users\Андрей\AppData\Local\Programs\MiKTeX\tex/latex/extsizes\extsize
s.sty
Package: extsizes 1996/10/08 v1.0 Non Standard LaTeX Package


Package ExtSizes Warning: It is better to use one of the extsizes classes,
 if you can.


(C:\Users\Андрей\AppData\Local\Programs\MiKTeX\tex/latex/extsizes\size14.
clo
File: size14.clo 1999/11/11 v1.4a NON-Standard LaTeX file (size option)
))
(C:\Users\Андрей\AppData\Local\Programs\MiKTeX\tex/latex/geometry\geometr
y.sty
Package: geometry 2020/01/02 v5.9 Page Geometry

(C:\Users\Андрей\AppData\Local\Programs\MiKTeX\tex/latex/graphics\keyval.
sty
Package: keyval 2022/05/29 v1.15 key=value parser (DPC)
\KV@toks@=\toks16
)
(C:\Users\Андрей\AppData\Local\Programs\MiKTeX\tex/generic/iftex\ifvtex.s
ty
Package: ifvtex 2019/10/25 v1.7 ifvtex legacy package. Use iftex instead.

(C:\Users\Андрей\AppData\Local\Programs\MiKTeX\tex/generic/iftex\iftex.st
y
Package: iftex 2022/02/03 v1.0f TeX engine tests
))
\Gm@cnth=\count193
\Gm@cntv=\count194
\c@Gm@tempcnt=\count195
\Gm@bindingoffset=\dimen141
\Gm@wd@mp=\dimen142
\Gm@odd@mp=\dimen143
\Gm@even@mp=\dimen144
\Gm@layoutwidth=\dimen145
\Gm@layoutheight=\dimen146
\Gm@layouthoffset=\dimen147
\Gm@layoutvoffset=\dimen148
\Gm@dimlist=\toks17

(C:\Users\Андрей\AppData\Local\Programs\MiKTeX\tex/latex/geometry\geometr
y.cfg))
(C:\Users\Андрей\AppData\Local\Programs\MiKTeX\tex/latex/base\inputenc.st
y
Package: inputenc 2021/02/14 v1.3d Input encoding file
\inpenc@prehook=\toks18
\inpenc@posthook=\toks19
)
(C:\Users\Андрей\AppData\Local\Programs\MiKTeX\tex/latex/base\fontenc.sty
Package: fontenc 2021/04/29 v2.0v Standard LaTeX package

(C:\Users\Андрей\AppData\Local\Programs\MiKTeX\tex/latex/cyrillic\t2aenc.
def
File: t2aenc.def 2022/06/11 v1.0j Cyrillic encoding definition file
Now handling font encoding T2A ...
... processing UTF-8 mapping file for font encoding T2A

(C:\Users\Андрей\AppData\Local\Programs\MiKTeX\tex/latex/base\t2aenc.dfu
File: t2aenc.dfu 2022/06/07 v1.3c UTF-8 support
   defining Unicode char U+00A4 (decimal 164)
   defining Unicode char U+00A7 (decimal 167)
   defining Unicode char U+00AB (decimal 171)
   defining Unicode char U+00BB (decimal 187)
   defining Unicode char U+0131 (decimal 305)
   defining Unicode char U+0237 (decimal 567)
   defining Unicode char U+0400 (decimal 1024)
   defining Unicode char U+0401 (decimal 1025)
   defining Unicode char U+0402 (decimal 1026)
   defining Unicode char U+0403 (decimal 1027)
   defining Unicode char U+0404 (decimal 1028)
   defining Unicode char U+0405 (decimal 1029)
   defining Unicode char U+0406 (decimal 1030)
   defining Unicode char U+0407 (decimal 1031)
   defining Unicode char U+0408 (decimal 1032)
   defining Unicode char U+0409 (decimal 1033)
   defining Unicode char U+040A (decimal 1034)
   defining Unicode char U+040B (decimal 1035)
   defining Unicode char U+040C (decimal 1036)
   defining Unicode char U+040D (decimal 1037)
   defining Unicode char U+040E (decimal 1038)
   defining Unicode char U+040F (decimal 1039)
   defining Unicode char U+0410 (decimal 1040)
   defining Unicode char U+0411 (decimal 1041)
   defining Unicode char U+0412 (decimal 1042)
   defining Unicode char U+0413 (decimal 1043)
   defining Unicode char U+0414 (decimal 1044)
   defining Unicode char U+0415 (decimal 1045)
   defining Unicode char U+0416 (decimal 1046)
   defining Unicode char U+0417 (decimal 1047)
   defining Unicode char U+0418 (decimal 1048)
   defining Unicode char U+0419 (decimal 1049)
   defining Unicode char U+041A (decimal 1050)
   defining Unicode char U+041B (decimal 1051)
   defining Unicode char U+041C (decimal 1052)
   defining Unicode char U+041D (decimal 1053)
   defining Unicode char U+041E (decimal 1054)
   defining Unicode char U+041F (decimal 1055)
   defining Unicode char U+0420 (decimal 1056)
   defining Unicode char U+0421 (decimal 1057)
   defining Unicode char U+0422 (decimal 1058)
   defining Unicode char U+0423 (decimal 1059)
   defining Unicode char U+0424 (decimal 1060)
   defining Unicode char U+0425 (decimal 1061)
   defining Unicode char U+0426 (decimal 1062)
   defining Unicode char U+0427 (decimal 1063)
   defining Unicode char U+0428 (decimal 1064)
   defining Unicode char U+0429 (decimal 1065)
   defining Unicode char U+042A (decimal 1066)
   defining Unicode char U+042B (decimal 1067)
   defining Unicode char U+042C (decimal 1068)
   defining Unicode char U+042D (decimal 1069)
   defining Unicode char U+042E (decimal 1070)
   defining Unicode char U+042F (decimal 1071)
   defining Unicode char U+0430 (decimal 1072)
   defining Unicode char U+0431 (decimal 1073)
   defining Unicode char U+0432 (decimal 1074)
   defining Unicode char U+0433 (decimal 1075)
   defining Unicode char U+0434 (decimal 1076)
   defining Unicode char U+0435 (decimal 1077)
   defining Unicode char U+0436 (decimal 1078)
   defining Unicode char U+0437 (decimal 1079)
   defining Unicode char U+0438 (decimal 1080)
   defining Unicode char U+0439 (decimal 1081)
   defining Unicode char U+043A (decimal 1082)
   defining Unicode char U+043B (decimal 1083)
   defining Unicode char U+043C (decimal 1084)
   defining Unicode char U+043D (decimal 1085)
   defining Unicode char U+043E (decimal 1086)
   defining Unicode char U+043F (decimal 1087)
   defining Unicode char U+0440 (decimal 1088)
   defining Unicode char U+0441 (decimal 1089)
   defining Unicode char U+0442 (decimal 1090)
   defining Unicode char U+0443 (decimal 1091)
   defining Unicode char U+0444 (decimal 1092)
   defining Unicode char U+0445 (decimal 1093)
   defining Unicode char U+0446 (decimal 1094)
   defining Unicode char U+0447 (decimal 1095)
   defining Unicode char U+0448 (decimal 1096)
   defining Unicode char U+0449 (decimal 1097)
   defining Unicode char U+044A (decimal 1098)
   defining Unicode char U+044B (decimal 1099)
   defining Unicode char U+044C (decimal 1100)
   defining Unicode char U+044D (decimal 1101)
   defining Unicode char U+044E (decimal 1102)
   defining Unicode char U+044F (decimal 1103)
   defining Unicode char U+0450 (decimal 1104)
   defining Unicode char U+0451 (decimal 1105)
   defining Unicode char U+0452 (decimal 1106)
   defining Unicode char U+0453 (decimal 1107)
   defining Unicode char U+0454 (decimal 1108)
   defining Unicode char U+0455 (decimal 1109)
   defining Unicode char U+0456 (decimal 1110)
   defining Unicode char U+0457 (decimal 1111)
   defining Unicode char U+0458 (decimal 1112)
   defining Unicode char U+0459 (decimal 1113)
   defining Unicode char U+045A (decimal 1114)
   defining Unicode char U+045B (decimal 1115)
   defining Unicode char U+045C (decimal 1116)
   defining Unicode char U+045D (decimal 1117)
   defining Unicode char U+045E (decimal 1118)
   defining Unicode char U+045F (decimal 1119)
   defining Unicode char U+0490 (decimal 1168)
   defining Unicode char U+0491 (decimal 1169)
   defining Unicode char U+0492 (decimal 1170)
   defining Unicode char U+0493 (decimal 1171)
   defining Unicode char U+0496 (decimal 1174)
   defining Unicode char U+0497 (decimal 1175)
   defining Unicode char U+0498 (decimal 1176)
   defining Unicode char U+0499 (decimal 1177)
   defining Unicode char U+049A (decimal 1178)
   defining Unicode char U+049B (decimal 1179)
   defining Unicode char U+049C (decimal 1180)
   defining Unicode char U+049D (decimal 1181)
   defining Unicode char U+04A0 (decimal 1184)
   defining Unicode char U+04A1 (decimal 1185)
   defining Unicode char U+04A2 (decimal 1186)
   defining Unicode char U+04A3 (decimal 1187)
   defining Unicode char U+04A4 (decimal 1188)
   defining Unicode char U+04A5 (decimal 1189)
   defining Unicode char U+04AA (decimal 1194)
   defining Unicode char U+04AB (decimal 1195)
   defining Unicode char U+04AE (decimal 1198)
   defining Unicode char U+04AF (decimal 1199)
   defining Unicode char U+04B0 (decimal 1200)
   defining Unicode char U+04B1 (decimal 1201)
   defining Unicode char U+04B2 (decimal 1202)
   defining Unicode char U+04B3 (decimal 1203)
   defining Unicode char U+04B6 (decimal 1206)
   defining Unicode char U+04B7 (decimal 1207)
   defining Unicode char U+04B8 (decimal 1208)
   defining Unicode char U+04B9 (decimal 1209)
   defining Unicode char U+04BA (decimal 1210)
   defining Unicode char U+04BB (decimal 1211)
   defining Unicode char U+04C0 (decimal 1216)
   defining Unicode char U+04C1 (decimal 1217)
   defining Unicode char U+04C2 (decimal 1218)
   defining Unicode char U+04D0 (decimal 1232)
   defining Unicode char U+04D1 (decimal 1233)
   defining Unicode char U+04D2 (decimal 1234)
   defining Unicode char U+04D3 (decimal 1235)
   defining Unicode char U+04D4 (decimal 1236)
   defining Unicode char U+04D5 (decimal 1237)
   defining Unicode char U+04D6 (decimal 1238)
   defining Unicode char U+04D7 (decimal 1239)
   defining Unicode char U+04D8 (decimal 1240)
   defining Unicode char U+04D9 (decimal 1241)
   defining Unicode char U+04DA (decimal 1242)
   defining Unicode char U+04DB (decimal 1243)
   defining Unicode char U+04DC (decimal 1244)
   defining Unicode char U+04DD (decimal 1245)
   defining Unicode char U+04DE (decimal 1246)
   defining Unicode char U+04DF (decimal 1247)
   defining Unicode char U+04E2 (decimal 1250)
   defining Unicode char U+04E3 (decimal 1251)
   defining Unicode char U+04E4 (decimal 1252)
   defining Unicode char U+04E5 (decimal 1253)
   defining Unicode char U+04E6 (decimal 1254)
   defining Unicode char U+04E7 (decimal 1255)
   defining Unicode char U+04E8 (decimal 1256)
   defining Unicode char U+04E9 (decimal 1257)
   defining Unicode char U+04EC (decimal 1260)
   defining Unicode char U+04ED (decimal 1261)
   defining Unicode char U+04EE (decimal 1262)
   defining Unicode char U+04EF (decimal 1263)
   defining Unicode char U+04F0 (decimal 1264)
   defining Unicode char U+04F1 (decimal 1265)
   defining Unicode char U+04F2 (decimal 1266)
   defining Unicode char U+04F3 (decimal 1267)
   defining Unicode char U+04F4 (decimal 1268)
   defining Unicode char U+04F5 (decimal 1269)
   defining Unicode char U+04F8 (decimal 1272)
   defining Unicode char U+04F9 (decimal 1273)
   defining Unicode char U+200C (decimal 8204)
   defining Unicode char U+2013 (decimal 8211)
   defining Unicode char U+2014 (decimal 8212)
   defining Unicode char U+2018 (decimal 8216)
   defining Unicode char U+2019 (decimal 8217)
   defining Unicode char U+201C (decimal 8220)
   defining Unicode char U+201D (decimal 8221)
   defining Unicode char U+201E (decimal 8222)
   defining Unicode char U+2030 (decimal 8240)
   defining Unicode char U+2031 (decimal 8241)
   defining Unicode char U+2116 (decimal 8470)
   defining Unicode char U+2329 (decimal 9001)
   defining Unicode char U+3008 (decimal 12296)
   defining Unicode char U+232A (decimal 9002)
   defining Unicode char U+3009 (decimal 12297)
   defining Unicode char U+2423 (decimal 9251)
   defining Unicode char U+27E8 (decimal 10216)
   defining Unicode char U+27E9 (decimal 10217)
   defining Unicode char U+FB00 (decimal 64256)
   defining Unicode char U+FB01 (decimal 64257)
   defining Unicode char U+FB02 (decimal 64258)
   defining Unicode char U+FB03 (decimal 64259)
   defining Unicode char U+FB04 (decimal 64260)
   defining Unicode char U+FB05 (decimal 64261)
   defining Unicode char U+FB06 (decimal 64262)
))
LaTeX Font Info:    Trying to load font information for T2A+cmr on input line 1
12.

(C:\Users\Андрей\AppData\Local\Programs\MiKTeX\tex/latex/cyrillic\t2acmr.
fd
File: t2acmr.fd 2001/08/11 v1.0a Computer Modern Cyrillic font definitions
))
(C:\Users\Андрей\AppData\Local\Programs\MiKTeX\tex/generic/babel\babel.st
y
Package: babel 2022/01/23 3.85 The Babel package
\babel@savecnt=\count196
\U@D=\dimen149
\l@unhyphenated=\language79

(C:\Users\Андрей\AppData\Local\Programs\MiKTeX\tex/generic/babel\txtbabel
.def)
\bbl@readstream=\read2
\bbl@dirlevel=\count197

*************************************
* Local config file bblopts.cfg used
*

(C:\Users\Андрей\AppData\Local\Programs\MiKTeX\tex/latex/arabi\bblopts.cf
g
File: bblopts.cfg 2005/09/08 v0.1 add Arabic and Farsi to "declared" options of
 babel
)
(C:\Users\Андрей\AppData\Local\Programs\MiKTeX\tex/latex/babel-english\en
glish.ldf
Language: english 2017/06/06 v3.3r English support from the babel system
Package babel Info: Hyphen rules for 'canadian' set to \l@english
(babel)             (\language0). Reported on input line 102.
Package babel Info: Hyphen rules for 'australian' set to \l@ukenglish
(babel)             (\language73). Reported on input line 105.
Package babel Info: Hyphen rules for 'newzealand' set to \l@ukenglish
(babel)             (\language73). Reported on input line 108.
)
(C:\Users\Андрей\AppData\Local\Programs\MiKTeX\tex/latex/babel-russian\ru
ssianb.ldf
File: russianb.ldf 2021/01/10 1.3m Russian support for the Babel system
Language: russian 2020/09/09 1.3k Russian support for the Babel system
Package babel Info: Making " an active character on input line 124.
Package babel Info: Default for \cyrdash is provided on input line 163.
))
(C:\Users\Андрей\AppData\Local\Programs\MiKTeX\tex/generic/babel/locale/r
u\babel-russian.tex
Package babel Info: Importing font and identification data for russian
(babel)             from babel-ru.ini. Reported on input line 11.
)
(C:\Users\Андрей\AppData\Local\Programs\MiKTeX\tex/generic/babel/locale/e
n\babel-english.tex
Package babel Info: Importing font and identification data for english
(babel)             from babel-en.ini. Reported on input line 11.
)
(C:\Users\Андрей\AppData\Local\Programs\MiKTeX\tex/latex/amsmath\amsmath.
sty
Package: amsmath 2022/04/08 v2.17n AMS math features
\@mathmargin=\skip50

For additional information on amsmath, use the `?' option.

(C:\Users\Андрей\AppData\Local\Programs\MiKTeX\tex/latex/amsmath\amstext.
sty
Package: amstext 2021/08/26 v2.01 AMS text

(C:\Users\Андрей\AppData\Local\Programs\MiKTeX\tex/latex/amsmath\amsgen.s
ty
File: amsgen.sty 1999/11/30 v2.0 generic functions
\@emptytoks=\toks20
\ex@=\dimen150
))
(C:\Users\Андрей\AppData\Local\Programs\MiKTeX\tex/latex/amsmath\amsbsy.s
ty
Package: amsbsy 1999/11/29 v1.2d Bold Symbols
\pmbraise@=\dimen151
)
(C:\Users\Андрей\AppData\Local\Programs\MiKTeX\tex/latex/amsmath\amsopn.s
ty
Package: amsopn 2022/04/08 v2.04 operator names
)
\inf@bad=\count198
LaTeX Info: Redefining \frac on input line 234.
\uproot@=\count199
\leftroot@=\count266
LaTeX Info: Redefining \overline on input line 399.
LaTeX Info: Redefining \colon on input line 410.
\classnum@=\count267
\DOTSCASE@=\count268
LaTeX Info: Redefining \ldots on input line 496.
LaTeX Info: Redefining \dots on input line 499.
LaTeX Info: Redefining \cdots on input line 620.
\Mathstrutbox@=\box51
\strutbox@=\box52
LaTeX Info: Redefining \big on input line 722.
LaTeX Info: Redefining \Big on input line 723.
LaTeX Info: Redefining \bigg on input line 724.
LaTeX Info: Redefining \Bigg on input line 725.
\big@size=\dimen152
LaTeX Font Info:    Redeclaring font encoding OML on input line 743.
LaTeX Font Info:    Redeclaring font encoding OMS on input line 744.
\macc@depth=\count269
LaTeX Info: Redefining \bmod on input line 905.
LaTeX Info: Redefining \pmod on input line 910.
LaTeX Info: Redefining \smash on input line 940.
LaTeX Info: Redefining \relbar on input line 970.
LaTeX Info: Redefining \Relbar on input line 971.
\c@MaxMatrixCols=\count270
\dotsspace@=\muskip16
\c@parentequation=\count271
\dspbrk@lvl=\count272
\tag@help=\toks21
\row@=\count273
\column@=\count274
\maxfields@=\count275
\andhelp@=\toks22
\eqnshift@=\dimen153
\alignsep@=\dimen154
\tagshift@=\dimen155
\tagwidth@=\dimen156
\totwidth@=\dimen157
\lineht@=\dimen158
\@envbody=\toks23
\multlinegap=\skip51
\multlinetaggap=\skip52
\mathdisplay@stack=\toks24
LaTeX Info: Redefining \[ on input line 2953.
LaTeX Info: Redefining \] on input line 2954.
)
(C:\Users\Андрей\AppData\Local\Programs\MiKTeX\tex/latex/amsfonts\amsfont
s.sty
Package: amsfonts 2013/01/14 v3.01 Basic AMSFonts support
\symAMSa=\mathgroup4
\symAMSb=\mathgroup5
LaTeX Font Info:    Redeclaring math symbol \hbar on input line 98.
LaTeX Font Info:    Overwriting math alphabet `\mathfrak' in version `bold'
(Font)                  U/euf/m/n --> U/euf/b/n on input line 106.
)
(C:\Users\Андрей\AppData\Local\Programs\MiKTeX\tex/latex/amsfonts\amssymb
.sty
Package: amssymb 2013/01/14 v3.01 AMS font symbols
)
(C:\Users\Андрей\AppData\Local\Programs\MiKTeX\tex/latex/amscls\amsthm.st
y
Package: amsthm 2020/05/29 v2.20.6
\thm@style=\toks25
\thm@bodyfont=\toks26
\thm@headfont=\toks27
\thm@notefont=\toks28
\thm@headpunct=\toks29
\thm@preskip=\skip53
\thm@postskip=\skip54
\thm@headsep=\skip55
\dth@everypar=\toks30
)
(C:\Users\Андрей\AppData\Local\Programs\MiKTeX\tex/latex/mathtools\mathto
ols.sty
Package: mathtools 2022/06/29 v1.29 mathematical typesetting tools

(C:\Users\Андрей\AppData\Local\Programs\MiKTeX\tex/latex/tools\calc.sty
Package: calc 2017/05/25 v4.3 Infix arithmetic (KKT,FJ)
\calc@Acount=\count276
\calc@Bcount=\count277
\calc@Adimen=\dimen159
\calc@Bdimen=\dimen160
\calc@Askip=\skip56
\calc@Bskip=\skip57
LaTeX Info: Redefining \setlength on input line 80.
LaTeX Info: Redefining \addtolength on input line 81.
\calc@Ccount=\count278
\calc@Cskip=\skip58
)
(C:\Users\Андрей\AppData\Local\Programs\MiKTeX\tex/latex/mathtools\mhsetu
p.sty
Package: mhsetup 2021/03/18 v1.4 programming setup (MH)
)
\g_MT_multlinerow_int=\count279
\l_MT_multwidth_dim=\dimen161
\origjot=\skip59
\l_MT_shortvdotswithinadjustabove_dim=\dimen162
\l_MT_shortvdotswithinadjustbelow_dim=\dimen163
\l_MT_above_intertext_sep=\dimen164
\l_MT_below_intertext_sep=\dimen165
\l_MT_above_shortintertext_sep=\dimen166
\l_MT_below_shortintertext_sep=\dimen167
\xmathstrut@box=\box53
\xmathstrut@dim=\dimen168
)
(C:\Users\Андрей\AppData\Local\Programs\MiKTeX\tex/latex/titlesec\titleps
.sty
Package: titleps 2021/07/05 v2.14 Page styles
)
(C:\Users\Андрей\AppData\Local\Programs\MiKTeX\tex/latex/hyperref\hyperre
f.sty
Package: hyperref 2022-11-13 v7.00u Hypertext links for LaTeX

(C:\Users\Андрей\AppData\Local\Programs\MiKTeX\tex/generic/ltxcmds\ltxcmd
s.sty
Package: ltxcmds 2020-05-10 v1.25 LaTeX kernel commands for general use (HO)
)
(C:\Users\Андрей\AppData\Local\Programs\MiKTeX\tex/generic/pdftexcmds\pdf
texcmds.sty
Package: pdftexcmds 2020-06-27 v0.33 Utility functions of pdfTeX for LuaTeX (HO
)

(C:\Users\Андрей\AppData\Local\Programs\MiKTeX\tex/generic/infwarerr\infw
arerr.sty
Package: infwarerr 2019/12/03 v1.5 Providing info/warning/error messages (HO)
)
Package pdftexcmds Info: \pdf@primitive is available.
Package pdftexcmds Info: \pdf@ifprimitive is available.
Package pdftexcmds Info: \pdfdraftmode found.
)
(C:\Users\Андрей\AppData\Local\Programs\MiKTeX\tex/latex/kvsetkeys\kvsetk
eys.sty
Package: kvsetkeys 2022-10-05 v1.19 Key value parser (HO)
)
(C:\Users\Андрей\AppData\Local\Programs\MiKTeX\tex/generic/kvdefinekeys\k
vdefinekeys.sty
Package: kvdefinekeys 2019-12-19 v1.6 Define keys (HO)
)
(C:\Users\Андрей\AppData\Local\Programs\MiKTeX\tex/generic/pdfescape\pdfe
scape.sty
Package: pdfescape 2019/12/09 v1.15 Implements pdfTeX's escape features (HO)
)
(C:\Users\Андрей\AppData\Local\Programs\MiKTeX\tex/latex/hycolor\hycolor.
sty
Package: hycolor 2020-01-27 v1.10 Color options for hyperref/bookmark (HO)
)
(C:\Users\Андрей\AppData\Local\Programs\MiKTeX\tex/latex/letltxmacro\letl
txmacro.sty
Package: letltxmacro 2019/12/03 v1.6 Let assignment for LaTeX macros (HO)
)
(C:\Users\Андрей\AppData\Local\Programs\MiKTeX\tex/latex/auxhook\auxhook.
sty
Package: auxhook 2019-12-17 v1.6 Hooks for auxiliary files (HO)
)
(C:\Users\Андрей\AppData\Local\Programs\MiKTeX\tex/latex/hyperref\nameref
.sty
Package: nameref 2022-05-17 v2.50 Cross-referencing by name of section

(C:\Users\Андрей\AppData\Local\Programs\MiKTeX\tex/latex/refcount\refcoun
t.sty
Package: refcount 2019/12/15 v3.6 Data extraction from label references (HO)
)
(C:\Users\Андрей\AppData\Local\Programs\MiKTeX\tex/generic/gettitlestring
\gettitlestring.sty
Package: gettitlestring 2019/12/15 v1.6 Cleanup title references (HO)

(C:\Users\Андрей\AppData\Local\Programs\MiKTeX\tex/latex/kvoptions\kvopti
ons.sty
Package: kvoptions 2022-06-15 v3.15 Key value format for package options (HO)
))
\c@section@level=\count280
)
\@linkdim=\dimen169
\Hy@linkcounter=\count281
\Hy@pagecounter=\count282

(C:\Users\Андрей\AppData\Local\Programs\MiKTeX\tex/latex/hyperref\pd1enc.
def
File: pd1enc.def 2022-11-13 v7.00u Hyperref: PDFDocEncoding definition (HO)
Now handling font encoding PD1 ...
... no UTF-8 mapping file for font encoding PD1
)
(C:\Users\Андрей\AppData\Local\Programs\MiKTeX\tex/generic/intcalc\intcal
c.sty
Package: intcalc 2019/12/15 v1.3 Expandable calculations with integers (HO)
)
(C:\Users\Андрей\AppData\Local\Programs\MiKTeX\tex/generic/etexcmds\etexc
mds.sty
Package: etexcmds 2019/12/15 v1.7 Avoid name clashes with e-TeX commands (HO)
)
\Hy@SavedSpaceFactor=\count283

(C:\Users\Андрей\AppData\Local\Programs\MiKTeX\tex/latex/hyperref\puenc.d
ef
File: puenc.def 2022-11-13 v7.00u Hyperref: PDF Unicode definition (HO)
Now handling font encoding PU ...
... no UTF-8 mapping file for font encoding PU
)
Package hyperref Info: Option `unicode' set `true' on input line 3149.
Package hyperref Info: Hyper figures OFF on input line 4162.
Package hyperref Info: Link nesting OFF on input line 4167.
Package hyperref Info: Hyper index ON on input line 4170.
Package hyperref Info: Plain pages OFF on input line 4177.
Package hyperref Info: Backreferencing OFF on input line 4182.
Package hyperref Info: Implicit mode ON; LaTeX internals redefined.
Package hyperref Info: Bookmarks ON on input line 4410.
\c@Hy@tempcnt=\count284
 (C:\Users\Андрей\AppData\Local\Programs\MiKTeX\tex/latex/url\url.sty
\Urlmuskip=\muskip17
Package: url 2013/09/16  ver 3.4  Verb mode for urls, etc.
)
LaTeX Info: Redefining \url on input line 4748.
\XeTeXLinkMargin=\dimen170

(C:\Users\Андрей\AppData\Local\Programs\MiKTeX\tex/generic/bitset\bitset.
sty
Package: bitset 2019/12/09 v1.3 Handle bit-vector datatype (HO)

(C:\Users\Андрей\AppData\Local\Programs\MiKTeX\tex/generic/bigintcalc\big
intcalc.sty
Package: bigintcalc 2019/12/15 v1.5 Expandable calculations on big integers (HO
)
))
\Fld@menulength=\count285
\Field@Width=\dimen171
\Fld@charsize=\dimen172
Package hyperref Info: Hyper figures OFF on input line 6027.
Package hyperref Info: Link nesting OFF on input line 6032.
Package hyperref Info: Hyper index ON on input line 6035.
Package hyperref Info: backreferencing OFF on input line 6042.
Package hyperref Info: Link coloring OFF on input line 6047.
Package hyperref Info: Link coloring with OCG OFF on input line 6052.
Package hyperref Info: PDF/A mode OFF on input line 6057.

(C:\Users\Андрей\AppData\Local\Programs\MiKTeX\tex/latex/base\atbegshi-lt
x.sty
Package: atbegshi-ltx 2021/01/10 v1.0c Emulation of the original atbegshi
package with kernel methods
)
\Hy@abspage=\count286
\c@Item=\count287
\c@Hfootnote=\count288
)
Package hyperref Info: Driver (autodetected): hpdftex.

(C:\Users\Андрей\AppData\Local\Programs\MiKTeX\tex/latex/hyperref\hpdftex
.def
File: hpdftex.def 2022-11-13 v7.00u Hyperref driver for pdfTeX

(C:\Users\Андрей\AppData\Local\Programs\MiKTeX\tex/latex/base\atveryend-l
tx.sty
Package: atveryend-ltx 2020/08/19 v1.0a Emulation of the original atveryend pac
kage
with kernel methods
)
\Fld@listcount=\count289
\c@bookmark@seq@number=\count290

(C:\Users\Андрей\AppData\Local\Programs\MiKTeX\tex/latex/rerunfilecheck\r
erunfilecheck.sty
Package: rerunfilecheck 2022-07-10 v1.10 Rerun checks for auxiliary files (HO)

(C:\Users\Андрей\AppData\Local\Programs\MiKTeX\tex/generic/uniquecounter\
uniquecounter.sty
Package: uniquecounter 2019/12/15 v1.4 Provide unlimited unique counter (HO)
)
Package uniquecounter Info: New unique counter `rerunfilecheck' on input line 2
85.
)
\Hy@SectionHShift=\skip60
)
(C:\Users\Андрей\AppData\Local\Programs\MiKTeX\tex/latex/float\float.sty
Package: float 2001/11/08 v1.3d Float enhancements (AL)
\c@float@type=\count291
\float@exts=\toks31
\float@box=\box54
\@float@everytoks=\toks32
\@floatcapt=\box55
)
(C:\Users\Андрей\AppData\Local\Programs\MiKTeX\tex/latex/graphics\graphic
x.sty
Package: graphicx 2021/09/16 v1.2d Enhanced LaTeX Graphics (DPC,SPQR)

(C:\Users\Андрей\AppData\Local\Programs\MiKTeX\tex/latex/graphics\graphic
s.sty
Package: graphics 2022/03/10 v1.4e Standard LaTeX Graphics (DPC,SPQR)

(C:\Users\Андрей\AppData\Local\Programs\MiKTeX\tex/latex/graphics\trig.st
y
Package: trig 2021/08/11 v1.11 sin cos tan (DPC)
)
(C:\Users\Андрей\AppData\Local\Programs\MiKTeX\tex/latex/graphics-cfg\gra
phics.cfg
File: graphics.cfg 2016/06/04 v1.11 sample graphics configuration
)
Package graphics Info: Driver file: pdftex.def on input line 107.

(C:\Users\Андрей\AppData\Local\Programs\MiKTeX\tex/latex/graphics-def\pdf
tex.def
File: pdftex.def 2022/09/22 v1.2b Graphics/color driver for pdftex
))
\Gin@req@height=\dimen173
\Gin@req@width=\dimen174
)
(C:\Users\Андрей\AppData\Local\Programs\MiKTeX\tex/latex/multirow\multiro
w.sty
Package: multirow 2021/03/15 v2.8 Span multiple rows of a table
\multirow@colwidth=\skip61
\multirow@cntb=\count292
\multirow@dima=\skip62
\bigstrutjot=\dimen175
)
(C:\Users\Андрей\AppData\Local\Programs\MiKTeX\tex/latex/tools\hhline.sty
Package: hhline 2020/01/04 v2.04 Table rule package (DPC)
)
(C:\Users\Андрей\AppData\Local\Programs\MiKTeX\tex/latex/wrapfig\wrapfig.
sty
\wrapoverhang=\dimen176
\WF@size=\dimen177
\c@WF@wrappedlines=\count293
\WF@box=\box56
\WF@everypar=\toks33
Package: wrapfig 2003/01/31  v 3.6
)
(C:\Users\Андрей\AppData\Local\Programs\MiKTeX\tex/latex/pgf/frontendlaye
r\tikz.sty
(C:\Users\Андрей\AppData\Local\Programs\MiKTeX\tex/latex/pgf/basiclayer\p
gf.sty
(C:\Users\Андрей\AppData\Local\Programs\MiKTeX\tex/latex/pgf/utilities\pg
frcs.sty
(C:\Users\Андрей\AppData\Local\Programs\MiKTeX\tex/generic/pgf/utilities\
pgfutil-common.tex
\pgfutil@everybye=\toks34
\pgfutil@tempdima=\dimen178
\pgfutil@tempdimb=\dimen179
)
(C:\Users\Андрей\AppData\Local\Programs\MiKTeX\tex/generic/pgf/utilities\
pgfutil-latex.def
\pgfutil@abb=\box57
)
(C:\Users\Андрей\AppData\Local\Programs\MiKTeX\tex/generic/pgf/utilities\
pgfrcs.code.tex
(C:\Users\Андрей\AppData\Local\Programs\MiKTeX\tex/generic/pgf\pgf.revisi
on.tex)
Package: pgfrcs 2023-01-15 v3.1.10 (3.1.10)
))
Package: pgf 2023-01-15 v3.1.10 (3.1.10)

(C:\Users\Андрей\AppData\Local\Programs\MiKTeX\tex/latex/pgf/basiclayer\p
gfcore.sty
(C:\Users\Андрей\AppData\Local\Programs\MiKTeX\tex/latex/pgf/systemlayer\
pgfsys.sty
(C:\Users\Андрей\AppData\Local\Programs\MiKTeX\tex/generic/pgf/systemlaye
r\pgfsys.code.tex
Package: pgfsys 2023-01-15 v3.1.10 (3.1.10)

(C:\Users\Андрей\AppData\Local\Programs\MiKTeX\tex/generic/pgf/utilities\
pgfkeys.code.tex
\pgfkeys@pathtoks=\toks35
\pgfkeys@temptoks=\toks36

(C:\Users\Андрей\AppData\Local\Programs\MiKTeX\tex/generic/pgf/utilities\
pgfkeyslibraryfiltered.code.tex
\pgfkeys@tmptoks=\toks37
))
\pgf@x=\dimen180
\pgf@y=\dimen181
\pgf@xa=\dimen182
\pgf@ya=\dimen183
\pgf@xb=\dimen184
\pgf@yb=\dimen185
\pgf@xc=\dimen186
\pgf@yc=\dimen187
\pgf@xd=\dimen188
\pgf@yd=\dimen189
\w@pgf@writea=\write3
\r@pgf@reada=\read3
\c@pgf@counta=\count294
\c@pgf@countb=\count295
\c@pgf@countc=\count296
\c@pgf@countd=\count297
\t@pgf@toka=\toks38
\t@pgf@tokb=\toks39
\t@pgf@tokc=\toks40
\pgf@sys@id@count=\count298

(C:\Users\Андрей\AppData\Local\Programs\MiKTeX\tex/generic/pgf/systemlaye
r\pgf.cfg
File: pgf.cfg 2023-01-15 v3.1.10 (3.1.10)
)
Driver file for pgf: pgfsys-pdftex.def

(C:\Users\Андрей\AppData\Local\Programs\MiKTeX\tex/generic/pgf/systemlaye
r\pgfsys-pdftex.def
File: pgfsys-pdftex.def 2023-01-15 v3.1.10 (3.1.10)

(C:\Users\Андрей\AppData\Local\Programs\MiKTeX\tex/generic/pgf/systemlaye
r\pgfsys-common-pdf.def
File: pgfsys-common-pdf.def 2023-01-15 v3.1.10 (3.1.10)
)))
(C:\Users\Андрей\AppData\Local\Programs\MiKTeX\tex/generic/pgf/systemlaye
r\pgfsyssoftpath.code.tex
File: pgfsyssoftpath.code.tex 2023-01-15 v3.1.10 (3.1.10)
\pgfsyssoftpath@smallbuffer@items=\count299
\pgfsyssoftpath@bigbuffer@items=\count300
)
(C:\Users\Андрей\AppData\Local\Programs\MiKTeX\tex/generic/pgf/systemlaye
r\pgfsysprotocol.code.tex
File: pgfsysprotocol.code.tex 2023-01-15 v3.1.10 (3.1.10)
))
(C:\Users\Андрей\AppData\Local\Programs\MiKTeX\tex/latex/xcolor\xcolor.st
y
Package: xcolor 2022/06/12 v2.14 LaTeX color extensions (UK)

(C:\Users\Андрей\AppData\Local\Programs\MiKTeX\tex/latex/graphics-cfg\col
or.cfg
File: color.cfg 2016/01/02 v1.6 sample color configuration
)
Package xcolor Info: Driver file: pdftex.def on input line 227.

(C:\Users\Андрей\AppData\Local\Programs\MiKTeX\tex/latex/graphics\mathcol
or.ltx)
Package xcolor Info: Model `cmy' substituted by `cmy0' on input line 1353.
Package xcolor Info: Model `hsb' substituted by `rgb' on input line 1357.
Package xcolor Info: Model `RGB' extended on input line 1369.
Package xcolor Info: Model `HTML' substituted by `rgb' on input line 1371.
Package xcolor Info: Model `Hsb' substituted by `hsb' on input line 1372.
Package xcolor Info: Model `tHsb' substituted by `hsb' on input line 1373.
Package xcolor Info: Model `HSB' substituted by `hsb' on input line 1374.
Package xcolor Info: Model `Gray' substituted by `gray' on input line 1375.
Package xcolor Info: Model `wave' substituted by `hsb' on input line 1376.
)
(C:\Users\Андрей\AppData\Local\Programs\MiKTeX\tex/generic/pgf/basiclayer
\pgfcore.code.tex
Package: pgfcore 2023-01-15 v3.1.10 (3.1.10)

(C:\Users\Андрей\AppData\Local\Programs\MiKTeX\tex/generic/pgf/math\pgfma
th.code.tex
(C:\Users\Андрей\AppData\Local\Programs\MiKTeX\tex/generic/pgf/math\pgfma
thutil.code.tex)
(C:\Users\Андрей\AppData\Local\Programs\MiKTeX\tex/generic/pgf/math\pgfma
thparser.code.tex
\pgfmath@dimen=\dimen190
\pgfmath@count=\count301
\pgfmath@box=\box58
\pgfmath@toks=\toks41
\pgfmath@stack@operand=\toks42
\pgfmath@stack@operation=\toks43
)
(C:\Users\Андрей\AppData\Local\Programs\MiKTeX\tex/generic/pgf/math\pgfma
thfunctions.code.tex)
(C:\Users\Андрей\AppData\Local\Programs\MiKTeX\tex/generic/pgf/math\pgfma
thfunctions.basic.code.tex)
(C:\Users\Андрей\AppData\Local\Programs\MiKTeX\tex/generic/pgf/math\pgfma
thfunctions.trigonometric.code.tex)
(C:\Users\Андрей\AppData\Local\Programs\MiKTeX\tex/generic/pgf/math\pgfma
thfunctions.random.code.tex)
(C:\Users\Андрей\AppData\Local\Programs\MiKTeX\tex/generic/pgf/math\pgfma
thfunctions.comparison.code.tex)
(C:\Users\Андрей\AppData\Local\Programs\MiKTeX\tex/generic/pgf/math\pgfma
thfunctions.base.code.tex)
(C:\Users\Андрей\AppData\Local\Programs\MiKTeX\tex/generic/pgf/math\pgfma
thfunctions.round.code.tex)
(C:\Users\Андрей\AppData\Local\Programs\MiKTeX\tex/generic/pgf/math\pgfma
thfunctions.misc.code.tex)
(C:\Users\Андрей\AppData\Local\Programs\MiKTeX\tex/generic/pgf/math\pgfma
thfunctions.integerarithmetics.code.tex)
(C:\Users\Андрей\AppData\Local\Programs\MiKTeX\tex/generic/pgf/math\pgfma
thcalc.code.tex)
(C:\Users\Андрей\AppData\Local\Programs\MiKTeX\tex/generic/pgf/math\pgfma
thfloat.code.tex
\c@pgfmathroundto@lastzeros=\count302
))
(C:\Users\Андрей\AppData\Local\Programs\MiKTeX\tex/generic/pgf/math\pgfin
t.code.tex)
(C:\Users\Андрей\AppData\Local\Programs\MiKTeX\tex/generic/pgf/basiclayer
\pgfcorepoints.code.tex
File: pgfcorepoints.code.tex 2023-01-15 v3.1.10 (3.1.10)
\pgf@picminx=\dimen191
\pgf@picmaxx=\dimen192
\pgf@picminy=\dimen193
\pgf@picmaxy=\dimen194
\pgf@pathminx=\dimen195
\pgf@pathmaxx=\dimen196
\pgf@pathminy=\dimen197
\pgf@pathmaxy=\dimen198
\pgf@xx=\dimen199
\pgf@xy=\dimen256
\pgf@yx=\dimen257
\pgf@yy=\dimen258
\pgf@zx=\dimen259
\pgf@zy=\dimen260
)
(C:\Users\Андрей\AppData\Local\Programs\MiKTeX\tex/generic/pgf/basiclayer
\pgfcorepathconstruct.code.tex
File: pgfcorepathconstruct.code.tex 2023-01-15 v3.1.10 (3.1.10)
\pgf@path@lastx=\dimen261
\pgf@path@lasty=\dimen262
)
(C:\Users\Андрей\AppData\Local\Programs\MiKTeX\tex/generic/pgf/basiclayer
\pgfcorepathusage.code.tex
File: pgfcorepathusage.code.tex 2023-01-15 v3.1.10 (3.1.10)
\pgf@shorten@end@additional=\dimen263
\pgf@shorten@start@additional=\dimen264
)
(C:\Users\Андрей\AppData\Local\Programs\MiKTeX\tex/generic/pgf/basiclayer
\pgfcorescopes.code.tex
File: pgfcorescopes.code.tex 2023-01-15 v3.1.10 (3.1.10)
\pgfpic=\box59
\pgf@hbox=\box60
\pgf@layerbox@main=\box61
\pgf@picture@serial@count=\count303
)
(C:\Users\Андрей\AppData\Local\Programs\MiKTeX\tex/generic/pgf/basiclayer
\pgfcoregraphicstate.code.tex
File: pgfcoregraphicstate.code.tex 2023-01-15 v3.1.10 (3.1.10)
\pgflinewidth=\dimen265
)
(C:\Users\Андрей\AppData\Local\Programs\MiKTeX\tex/generic/pgf/basiclayer
\pgfcoretransformations.code.tex
File: pgfcoretransformations.code.tex 2023-01-15 v3.1.10 (3.1.10)
\pgf@pt@x=\dimen266
\pgf@pt@y=\dimen267
\pgf@pt@temp=\dimen268
)
(C:\Users\Андрей\AppData\Local\Programs\MiKTeX\tex/generic/pgf/basiclayer
\pgfcorequick.code.tex
File: pgfcorequick.code.tex 2023-01-15 v3.1.10 (3.1.10)
)
(C:\Users\Андрей\AppData\Local\Programs\MiKTeX\tex/generic/pgf/basiclayer
\pgfcoreobjects.code.tex
File: pgfcoreobjects.code.tex 2023-01-15 v3.1.10 (3.1.10)
)
(C:\Users\Андрей\AppData\Local\Programs\MiKTeX\tex/generic/pgf/basiclayer
\pgfcorepathprocessing.code.tex
File: pgfcorepathprocessing.code.tex 2023-01-15 v3.1.10 (3.1.10)
)
(C:\Users\Андрей\AppData\Local\Programs\MiKTeX\tex/generic/pgf/basiclayer
\pgfcorearrows.code.tex
File: pgfcorearrows.code.tex 2023-01-15 v3.1.10 (3.1.10)
\pgfarrowsep=\dimen269
)
(C:\Users\Андрей\AppData\Local\Programs\MiKTeX\tex/generic/pgf/basiclayer
\pgfcoreshade.code.tex
File: pgfcoreshade.code.tex 2023-01-15 v3.1.10 (3.1.10)
\pgf@max=\dimen270
\pgf@sys@shading@range@num=\count304
\pgf@shadingcount=\count305
)
(C:\Users\Андрей\AppData\Local\Programs\MiKTeX\tex/generic/pgf/basiclayer
\pgfcoreimage.code.tex
File: pgfcoreimage.code.tex 2023-01-15 v3.1.10 (3.1.10)
)
(C:\Users\Андрей\AppData\Local\Programs\MiKTeX\tex/generic/pgf/basiclayer
\pgfcoreexternal.code.tex
File: pgfcoreexternal.code.tex 2023-01-15 v3.1.10 (3.1.10)
\pgfexternal@startupbox=\box62
)
(C:\Users\Андрей\AppData\Local\Programs\MiKTeX\tex/generic/pgf/basiclayer
\pgfcorelayers.code.tex
File: pgfcorelayers.code.tex 2023-01-15 v3.1.10 (3.1.10)
)
(C:\Users\Андрей\AppData\Local\Programs\MiKTeX\tex/generic/pgf/basiclayer
\pgfcoretransparency.code.tex
File: pgfcoretransparency.code.tex 2023-01-15 v3.1.10 (3.1.10)
)
(C:\Users\Андрей\AppData\Local\Programs\MiKTeX\tex/generic/pgf/basiclayer
\pgfcorepatterns.code.tex
File: pgfcorepatterns.code.tex 2023-01-15 v3.1.10 (3.1.10)
)
(C:\Users\Андрей\AppData\Local\Programs\MiKTeX\tex/generic/pgf/basiclayer
\pgfcorerdf.code.tex
File: pgfcorerdf.code.tex 2023-01-15 v3.1.10 (3.1.10)
)))
(C:\Users\Андрей\AppData\Local\Programs\MiKTeX\tex/generic/pgf/modules\pg
fmoduleshapes.code.tex
File: pgfmoduleshapes.code.tex 2023-01-15 v3.1.10 (3.1.10)
\pgfnodeparttextbox=\box63
)
(C:\Users\Андрей\AppData\Local\Programs\MiKTeX\tex/generic/pgf/modules\pg
fmoduleplot.code.tex
File: pgfmoduleplot.code.tex 2023-01-15 v3.1.10 (3.1.10)
)
(C:\Users\Андрей\AppData\Local\Programs\MiKTeX\tex/latex/pgf/compatibilit
y\pgfcomp-version-0-65.sty
Package: pgfcomp-version-0-65 2023-01-15 v3.1.10 (3.1.10)
\pgf@nodesepstart=\dimen271
\pgf@nodesepend=\dimen272
)
(C:\Users\Андрей\AppData\Local\Programs\MiKTeX\tex/latex/pgf/compatibilit
y\pgfcomp-version-1-18.sty
Package: pgfcomp-version-1-18 2023-01-15 v3.1.10 (3.1.10)
))
(C:\Users\Андрей\AppData\Local\Programs\MiKTeX\tex/latex/pgf/utilities\pg
ffor.sty
(C:\Users\Андрей\AppData\Local\Programs\MiKTeX\tex/latex/pgf/utilities\pg
fkeys.sty
(C:\Users\Андрей\AppData\Local\Programs\MiKTeX\tex/generic/pgf/utilities\
pgfkeys.code.tex))
(C:\Users\Андрей\AppData\Local\Programs\MiKTeX\tex/latex/pgf/math\pgfmath
.sty
(C:\Users\Андрей\AppData\Local\Programs\MiKTeX\tex/generic/pgf/math\pgfma
th.code.tex))
(C:\Users\Андрей\AppData\Local\Programs\MiKTeX\tex/generic/pgf/utilities\
pgffor.code.tex
Package: pgffor 2023-01-15 v3.1.10 (3.1.10)
\pgffor@iter=\dimen273
\pgffor@skip=\dimen274
\pgffor@stack=\toks44
\pgffor@toks=\toks45
))
(C:\Users\Андрей\AppData\Local\Programs\MiKTeX\tex/generic/pgf/frontendla
yer/tikz\tikz.code.tex
Package: tikz 2023-01-15 v3.1.10 (3.1.10)

(C:\Users\Андрей\AppData\Local\Programs\MiKTeX\tex/generic/pgf/libraries\
pgflibraryplothandlers.code.tex
File: pgflibraryplothandlers.code.tex 2023-01-15 v3.1.10 (3.1.10)
\pgf@plot@mark@count=\count306
\pgfplotmarksize=\dimen275
)
\tikz@lastx=\dimen276
\tikz@lasty=\dimen277
\tikz@lastxsaved=\dimen278
\tikz@lastysaved=\dimen279
\tikz@lastmovetox=\dimen280
\tikz@lastmovetoy=\dimen281
\tikzleveldistance=\dimen282
\tikzsiblingdistance=\dimen283
\tikz@figbox=\box64
\tikz@figbox@bg=\box65
\tikz@tempbox=\box66
\tikz@tempbox@bg=\box67
\tikztreelevel=\count307
\tikznumberofchildren=\count308
\tikznumberofcurrentchild=\count309
\tikz@fig@count=\count310

(C:\Users\Андрей\AppData\Local\Programs\MiKTeX\tex/generic/pgf/modules\pg
fmodulematrix.code.tex
File: pgfmodulematrix.code.tex 2023-01-15 v3.1.10 (3.1.10)
\pgfmatrixcurrentrow=\count311
\pgfmatrixcurrentcolumn=\count312
\pgf@matrix@numberofcolumns=\count313
)
\tikz@expandcount=\count314

(C:\Users\Андрей\AppData\Local\Programs\MiKTeX\tex/generic/pgf/frontendla
yer/tikz/libraries\tikzlibrarytopaths.code.tex
File: tikzlibrarytopaths.code.tex 2023-01-15 v3.1.10 (3.1.10)
)))
(C:\Users\Андрей\AppData\Local\Programs\MiKTeX\tex/latex/pgfplots\pgfplot
s.sty
(C:\Users\Андрей\AppData\Local\Programs\MiKTeX\tex/generic/pgfplots\pgfpl
ots.revision.tex)
Package: pgfplots 2021/05/15 v1.18.1 Data Visualization (1.18.1)

(C:\Users\Андрей\AppData\Local\Programs\MiKTeX\tex/generic/pgfplots\pgfpl
ots.code.tex
(C:\Users\Андрей\AppData\Local\Programs\MiKTeX\tex/generic/pgfplots\pgfpl
otscore.code.tex
\t@pgfplots@toka=\toks46
\t@pgfplots@tokb=\toks47
\t@pgfplots@tokc=\toks48
\pgfplots@tmpa=\dimen284
\c@pgfplots@coordindex=\count315
\c@pgfplots@scanlineindex=\count316

(C:\Users\Андрей\AppData\Local\Programs\MiKTeX\tex/generic/pgfplots/sys\p
gfplotssysgeneric.code.tex))
(C:\Users\Андрей\AppData\Local\Programs\MiKTeX\tex/generic/pgfplots/libs\
pgfplotslibrary.code.tex)
(C:\Users\Андрей\AppData\Local\Programs\MiKTeX\tex/generic/pgfplots/oldpg
fcompatib\pgfplotsoldpgfsupp_loader.code.tex
(C:\Users\Андрей\AppData\Local\Programs\MiKTeX\tex/generic/pgf/libraries\
pgflibraryfpu.code.tex)
Package pgfplots: loading complementary utilities for your pgf version...
\t@pgf@toka=\toks49
\t@pgf@tokb=\toks50
\t@pgf@tokc=\toks51

(C:\Users\Андрей\AppData\Local\Programs\MiKTeX\tex/generic/pgfplots/oldpg
fcompatib\pgfplotsoldpgfsupp_pgfutil-common-lists.tex))
(C:\Users\Андрей\AppData\Local\Programs\MiKTeX\tex/generic/pgfplots/util\
pgfplotsutil.code.tex
(C:\Users\Андрей\AppData\Local\Programs\MiKTeX\tex/generic/pgfplots/lists
tructure\pgfplotsliststructure.code.tex)
(C:\Users\Андрей\AppData\Local\Programs\MiKTeX\tex/generic/pgfplots/lists
tructure\pgfplotsliststructureext.code.tex)
(C:\Users\Андрей\AppData\Local\Programs\MiKTeX\tex/generic/pgfplots/lists
tructure\pgfplotsarray.code.tex
\c@pgfplotsarray@tmp=\count317
)
(C:\Users\Андрей\AppData\Local\Programs\MiKTeX\tex/generic/pgfplots/lists
tructure\pgfplotsmatrix.code.tex)
(C:\Users\Андрей\AppData\Local\Programs\MiKTeX\tex/generic/pgfplots/numta
ble\pgfplotstableshared.code.tex
\c@pgfplotstable@counta=\count318
\t@pgfplotstable@a=\toks52
)
(C:\Users\Андрей\AppData\Local\Programs\MiKTeX\tex/generic/pgfplots/lists
tructure\pgfplotsdeque.code.tex)
(C:\Users\Андрей\AppData\Local\Programs\MiKTeX\tex/generic/pgfplots/util\
pgfplotsbinary.code.tex
(C:\Users\Андрей\AppData\Local\Programs\MiKTeX\tex/generic/pgfplots/util\
pgfplotsbinary.data.code.tex))
(C:\Users\Андрей\AppData\Local\Programs\MiKTeX\tex/generic/pgfplots/util\
pgfplotsutil.verb.code.tex)
(C:\Users\Андрей\AppData\Local\Programs\MiKTeX\tex/generic/pgfplots/libs\
pgflibrarypgfplots.surfshading.code.tex
\c@pgfplotslibrarysurf@no=\count319

(C:\Users\Андрей\AppData\Local\Programs\MiKTeX\tex/generic/pgfplots/sys\p
gflibrarypgfplots.surfshading.pgfsys-pdftex.def)))
(C:\Users\Андрей\AppData\Local\Programs\MiKTeX\tex/generic/pgfplots/util\
pgfplotscolormap.code.tex
(C:\Users\Андрей\AppData\Local\Programs\MiKTeX\tex/generic/pgfplots/util\
pgfplotscolor.code.tex))
(C:\Users\Андрей\AppData\Local\Programs\MiKTeX\tex/generic/pgfplots\pgfpl
otsstackedplots.code.tex)
(C:\Users\Андрей\AppData\Local\Programs\MiKTeX\tex/generic/pgfplots\pgfpl
otsplothandlers.code.tex
(C:\Users\Андрей\AppData\Local\Programs\MiKTeX\tex/generic/pgfplots\pgfpl
otsmeshplothandler.code.tex
(C:\Users\Андрей\AppData\Local\Programs\MiKTeX\tex/generic/pgfplots\pgfpl
otsmeshplotimage.code.tex)))
(C:\Users\Андрей\AppData\Local\Programs\MiKTeX\tex/generic/pgfplots\pgfpl
ots.scaling.code.tex)
(C:\Users\Андрей\AppData\Local\Programs\MiKTeX\tex/generic/pgfplots\pgfpl
otscoordprocessing.code.tex)
(C:\Users\Андрей\AppData\Local\Programs\MiKTeX\tex/generic/pgfplots\pgfpl
ots.errorbars.code.tex)
(C:\Users\Андрей\AppData\Local\Programs\MiKTeX\tex/generic/pgfplots\pgfpl
ots.markers.code.tex)
(C:\Users\Андрей\AppData\Local\Programs\MiKTeX\tex/generic/pgfplots\pgfpl
otsticks.code.tex)
(C:\Users\Андрей\AppData\Local\Programs\MiKTeX\tex/generic/pgfplots\pgfpl
ots.paths.code.tex)
(C:\Users\Андрей\AppData\Local\Programs\MiKTeX\tex/generic/pgf/frontendla
yer/tikz/libraries\tikzlibrarydecorations.code.tex
(C:\Users\Андрей\AppData\Local\Programs\MiKTeX\tex/generic/pgf/modules\pg
fmoduledecorations.code.tex
\pgfdecoratedcompleteddistance=\dimen285
\pgfdecoratedremainingdistance=\dimen286
\pgfdecoratedinputsegmentcompleteddistance=\dimen287
\pgfdecoratedinputsegmentremainingdistance=\dimen288
\pgf@decorate@distancetomove=\dimen289
\pgf@decorate@repeatstate=\count320
\pgfdecorationsegmentamplitude=\dimen290
\pgfdecorationsegmentlength=\dimen291
)
\tikz@lib@dec@box=\box68
)
(C:\Users\Андрей\AppData\Local\Programs\MiKTeX\tex/generic/pgf/frontendla
yer/tikz/libraries\tikzlibrarydecorations.pathmorphing.code.tex
(C:\Users\Андрей\AppData\Local\Programs\MiKTeX\tex/generic/pgf/libraries/
decorations\pgflibrarydecorations.pathmorphing.code.tex))
(C:\Users\Андрей\AppData\Local\Programs\MiKTeX\tex/generic/pgf/frontendla
yer/tikz/libraries\tikzlibrarydecorations.pathreplacing.code.tex
(C:\Users\Андрей\AppData\Local\Programs\MiKTeX\tex/generic/pgf/libraries/
decorations\pgflibrarydecorations.pathreplacing.code.tex))
(C:\Users\Андрей\AppData\Local\Programs\MiKTeX\tex/generic/pgfplots/libs\
tikzlibrarypgfplots.contourlua.code.tex)
\pgfplots@numplots=\count321
\pgfplots@xmin@reg=\dimen292
\pgfplots@xmax@reg=\dimen293
\pgfplots@ymin@reg=\dimen294
\pgfplots@ymax@reg=\dimen295
\pgfplots@zmin@reg=\dimen296
\pgfplots@zmax@reg=\dimen297
)
(C:\Users\Андрей\AppData\Local\Programs\MiKTeX\tex/generic/pgf/frontendla
yer/tikz/libraries\tikzlibraryplotmarks.code.tex
File: tikzlibraryplotmarks.code.tex 2023-01-15 v3.1.10 (3.1.10)

(C:\Users\Андрей\AppData\Local\Programs\MiKTeX\tex/generic/pgf/libraries\
pgflibraryplotmarks.code.tex
File: pgflibraryplotmarks.code.tex 2023-01-15 v3.1.10 (3.1.10)
)))
(C:\Users\Андрей\AppData\Local\Programs\MiKTeX\tex/latex/subfig\subfig.st
y
Package: subfig 2005/06/28 ver: 1.3 subfig package

(C:\Users\Андрей\AppData\Local\Programs\MiKTeX\tex/latex/caption\caption.
sty
Package: caption 2023/07/31 v3.6n Customizing captions (AR)

(C:\Users\Андрей\AppData\Local\Programs\MiKTeX\tex/latex/caption\caption3
.sty
Package: caption3 2023/07/31 v2.4d caption3 kernel (AR)
\caption@tempdima=\dimen298
\captionmargin=\dimen299
\caption@leftmargin=\dimen300
\caption@rightmargin=\dimen301
\caption@width=\dimen302
\caption@indent=\dimen303
\caption@parindent=\dimen304
\caption@hangindent=\dimen305
Package caption Info: Standard document class detected.
)
\c@caption@flags=\count322
\c@continuedfloat=\count323
Package caption Info: float package is loaded.
Package caption Info: hyperref package is loaded.
Package caption Info: wrapfig package is loaded.
)
\c@KVtest=\count324
\sf@farskip=\skip63
\sf@captopadj=\dimen306
\sf@capskip=\skip64
\sf@nearskip=\skip65
\c@subfigure=\count325
\c@subfigure@save=\count326
\c@lofdepth=\count327
\c@subtable=\count328
\c@subtable@save=\count329
\c@lotdepth=\count330
\sf@top=\skip66
\sf@bottom=\skip67
)
(C:\Users\Андрей\AppData\Local\Programs\MiKTeX\tex/latex/was\upgreek.sty
Package: upgreek 2003/02/12 v2.0 (WaS)
Package upgreek Info: Using Euler Roman for upright Greek on input line 31.
\symugrf@m=\mathgroup6
LaTeX Font Info:    Overwriting symbol font `ugrf@m' in version `bold'
(Font)                  U/eur/m/n --> U/eur/b/n on input line 38.
)
(C:\Users\Андрей\AppData\Local\Programs\MiKTeX\tex/latex/l3backend\l3back
end-pdftex.def
File: l3backend-pdftex.def 2023-01-16 L3 backend support: PDF output (pdfTeX)
\l__color_backend_stack_int=\count331
\l__pdf_internal_box=\box69
) (main.aux)
\openout1 = `main.aux'.

LaTeX Font Info:    Checking defaults for OML/cmm/m/it on input line 58.
LaTeX Font Info:    ... okay on input line 58.
LaTeX Font Info:    Checking defaults for OMS/cmsy/m/n on input line 58.
LaTeX Font Info:    ... okay on input line 58.
LaTeX Font Info:    Checking defaults for OT1/cmr/m/n on input line 58.
LaTeX Font Info:    ... okay on input line 58.
LaTeX Font Info:    Checking defaults for T1/cmr/m/n on input line 58.
LaTeX Font Info:    ... okay on input line 58.
LaTeX Font Info:    Checking defaults for TS1/cmr/m/n on input line 58.
LaTeX Font Info:    ... okay on input line 58.
LaTeX Font Info:    Checking defaults for OMX/cmex/m/n on input line 58.
LaTeX Font Info:    ... okay on input line 58.
LaTeX Font Info:    Checking defaults for U/cmr/m/n on input line 58.
LaTeX Font Info:    ... okay on input line 58.
LaTeX Font Info:    Checking defaults for T2A/cmr/m/n on input line 58.
LaTeX Font Info:    ... okay on input line 58.
LaTeX Font Info:    Checking defaults for PD1/pdf/m/n on input line 58.
LaTeX Font Info:    ... okay on input line 58.
LaTeX Font Info:    Checking defaults for PU/pdf/m/n on input line 58.
LaTeX Font Info:    ... okay on input line 58.

*geometry* driver: auto-detecting
*geometry* detected driver: pdftex
*geometry* verbose mode - [ preamble ] result:
* driver: pdftex
* paper: a4paper
* layout: <same size as paper>
* layoutoffset:(h,v)=(0.0pt,0.0pt)
* modes: 
* h-part:(L,W,R)=(42.67912pt, 512.14963pt, 42.67912pt)
* v-part:(T,H,B)=(42.67912pt, 759.6886pt, 42.67912pt)
* \paperwidth=597.50787pt
* \paperheight=845.04684pt
* \textwidth=512.14963pt
* \textheight=759.6886pt
* \oddsidemargin=-29.59087pt
* \evensidemargin=-29.59087pt
* \topmargin=-68.59087pt
* \headheight=14.0pt
* \headsep=25.0pt
* \topskip=14.0pt
* \footskip=30.0pt
* \marginparwidth=15.0pt
* \marginparsep=10.0pt
* \columnsep=10.0pt
* \skip\footins=12.0pt plus 4.0pt minus 2.0pt
* \hoffset=0.0pt
* \voffset=0.0pt
* \mag=1000
* \@twocolumnfalse
* \@twosidefalse
* \@mparswitchfalse
* \@reversemarginfalse
* (1in=72.27pt=25.4mm, 1cm=28.453pt)

LaTeX Info: Redefining \th on input line 58.
Package hyperref Info: Link coloring OFF on input line 58.
(main.out) (main.out)
\@outlinefile=\write4
\openout4 = `main.out'.


(C:\Users\Андрей\AppData\Local\Programs\MiKTeX\tex/context/base/mkii\supp
-pdf.mkii
[Loading MPS to PDF converter (version 2006.09.02).]
\scratchcounter=\count332
\scratchdimen=\dimen307
\scratchbox=\box70
\nofMPsegments=\count333
\nofMParguments=\count334
\everyMPshowfont=\toks53
\MPscratchCnt=\count335
\MPscratchDim=\dimen308
\MPnumerator=\count336
\makeMPintoPDFobject=\count337
\everyMPtoPDFconversion=\toks54
)
(C:\Users\Андрей\AppData\Local\Programs\MiKTeX\tex/latex/epstopdf-pkg\eps
topdf-base.sty
Package: epstopdf-base 2020-01-24 v2.11 Base part for package epstopdf
Package epstopdf-base Info: Redefining graphics rule for `.eps' on input line 4
85.

(C:\Users\Андрей\AppData\Local\Programs\MiKTeX\tex/latex/00miktex\epstopd
f-sys.cfg
File: epstopdf-sys.cfg 2021/03/18 v2.0 Configuration of epstopdf for MiKTeX
))

Package pgfplots Warning: running in backwards compatibility mode (unsuitable t
ick labels; missing features). Consider writing \pgfplotsset{compat=1.18} into 
your preamble.
 on input line 58.

Package caption Info: Begin \AtBeginDocument code.
Package caption Info: subfig package v1.3 is loaded.
Package caption Info: End \AtBeginDocument code.
<graph.jpg, id=6, 1003.75pt x 1166.3575pt>
File: graph.jpg Graphic file (type jpg)
<use graph.jpg>
Package pdftex.def Info: graph.jpg  used on input line 69.
(pdftex.def)             Requested size: 153.64644pt x 178.5233pt.

Underfull \hbox (badness 2990) in paragraph at lines 69--69
[]\T2A/cmr/m/n/10 (a) |- ----
 []

<scheme.jpg, id=7, 1284.8pt x 910.40125pt>
File: scheme.jpg Graphic file (type jpg)
<use scheme.jpg>
Package pdftex.def Info: scheme.jpg  used on input line 71.
(pdftex.def)             Requested size: 204.85672pt x 145.15318pt.
LaTeX Font Info:    Trying to load font information for U+msa on input line 75.


(C:\Users\Андрей\AppData\Local\Programs\MiKTeX\tex/latex/amsfonts\umsa.fd
File: umsa.fd 2013/01/14 v3.01 AMS symbols A
)
LaTeX Font Info:    Trying to load font information for U+msb on input line 75.


(C:\Users\Андрей\AppData\Local\Programs\MiKTeX\tex/latex/amsfonts\umsb.fd
File: umsb.fd 2013/01/14 v3.01 AMS symbols B
)

LaTeX Warning: Command \cyrk invalid in math mode on input line 80.

Missing character: There is no  in font cmr10!
<graph3.jpg, id=8, 1284.8pt x 781.92125pt>
File: graph3.jpg Graphic file (type jpg)
<use graph3.jpg>
Package pdftex.def Info: graph3.jpg  used on input line 85.
(pdftex.def)             Requested size: 204.85672pt x 124.6685pt.
<scheme2.jpg, id=9, 1284.8pt x 683.55376pt>
File: scheme2.jpg Graphic file (type jpg)
<use scheme2.jpg>
Package pdftex.def Info: scheme2.jpg  used on input line 87.
(pdftex.def)             Requested size: 204.85672pt x 108.98491pt.
[1

{C:/Users/Андрей/AppData/Local/MiKTeX/fonts/map/pdftex/pdftex.map} <./gra
ph.jpg> <./scheme.jpg> <./graph3.jpg> <./scheme2.jpg>]
<I(U).png, id=36, 794.97pt x 621.32124pt>
File: I(U).png Graphic file (type png)
<use I(U).png>
Package pdftex.def Info: I(U).png  used on input line 118.
(pdftex.def)             Requested size: 357.7332pt x 279.59198pt.
 [2 <./I(U).png>]
<T(C).png, id=47, 629.35126pt x 490.83376pt>
File: T(C).png Graphic file (type png)
<use T(C).png>
Package pdftex.def Info: T(C).png  used on input line 137.
(pdftex.def)             Requested size: 472.01228pt x 368.1244pt.

[3 <./T(C).png>]
Underfull \hbox (badness 10000) in paragraph at lines 148--150

 []


Underfull \hbox (badness 10000) in paragraph at lines 148--150

 []

[4] (main.aux)
Package rerunfilecheck Info: File `main.out' has not changed.
(rerunfilecheck)             Checksum: D41D8CD98F00B204E9800998ECF8427E;0.
 ) 
Here is how much of TeX's memory you used:
 35302 strings out of 476375
 814184 string characters out of 5785671
 1865299 words of memory out of 5000000
 55091 multiletter control sequences out of 15000+600000
 523090 words of font info for 55 fonts, out of 8000000 for 9000
 1141 hyphenation exceptions out of 8191
 84i,10n,89p,869b,609s stack positions out of 10000i,1000n,20000p,200000b,200000s
 <C:\Users\Андрей\AppData\Local\MiKTeX\fonts/pk/ljfour/lh/lh-t2a/dpi600
\lati1440.pk> <C:\Users\Андрей\AppData\Local\MiKTeX\fonts/pk/ljfour/lh/lh
-t2a/dpi600\larm1000.pk> <C:\Users\Андрей\AppData\Local\MiKTeX\fonts/pk/l
jfour/lh/lh-t2a/dpi600\larm1440.pk> <C:\Users\Андрей\AppData\Local\MiKTeX
\fonts/pk/ljfour/lh/lh-t2a/dpi600\labx1440.pk> <C:\Users\Андрей\AppData\L
ocal\MiKTeX\fonts/pk/ljfour/lh/lh-t2a/dpi600\labx1728.pk> <C:\Users\Андре
\AppData\Local\MiKTeX\fonts/pk/ljfour/lh/lh-t2a/dpi600\labx2074.pk><C:/Users/
ндрей/AppData/Local/Programs/MiKTeX/fonts/type1/public/amsfonts/cm/cmmi12
.pfb><C:/Users/Андрей/AppData/Local/Programs/MiKTeX/fonts/type1/public/am
sfonts/cm/cmr10.pfb><C:/Users/Андрей/AppData/Local/Programs/MiKTeX/fonts/
type1/public/amsfonts/cm/cmr12.pfb><C:/Users/Андрей/AppData/Local/Program
s/MiKTeX/fonts/type1/public/amsfonts/cm/cmsy10.pfb>
Output written on main.pdf (4 pages, 395179 bytes).
PDF statistics:
 317 PDF objects out of 1000 (max. 8388607)
 26 named destinations out of 1000 (max. 500000)
 43 words of extra memory for PDF output out of 10000 (max. 10000000)

